<?xml version="1.0" encoding="UTF-8" ?>
<testsuite tests="10" failures="0" name="src.main.cucumberTest.TestRunner" time="0.398" errors="0" skipped="8">
  <properties>
[...]
</properties>
  <testcase classname="Scenario: Successful Login with Valid Credentials" name="Given User is on Home Page" time="0.001">
    <skipped/>
  </testcase>
  <testcase classname="Scenario: Successful Login with Valid Credentials" name="When User Navigate to LogIn Page" time="0.037">
    <skipped/>
  </testcase>
  <testcase classname="Scenario: Successful Login with Valid Credentials" name="And User enters UserName and Password" time="0.037">
    <skipped/>
  </testcase>
  <testcase classname="Scenario: Successful Login with Valid Credentials" name="Then Message displayed Login Successfully" time="0.037">
    <skipped/>
  </testcase>
  <testcase classname="Scenario: Successful Login with Valid Credentials" name="Scenario: Successful Login with Valid Credentials" time="0.037">
    <skipped/>
  </testcase>
  <testcase classname="Scenario: Successful Login with Valid Credentials" name="Scenario: Successful Login with Valid Credentials" time="0.037"/>
  <testcase classname="Scenario: Successful LogOut" name="When User LogOut from the Application" time="0">
    <skipped/>
  </testcase>
  <testcase classname="Scenario: Successful LogOut" name="Then Message displayed LogOut Successfully" time="0">
    <skipped/>
  </testcase>
  <testcase classname="Scenario: Successful LogOut" name="Scenario: Successful LogOut" time="0">
    <skipped/>
  </testcase>
  <testcase classname="Scenario: Successful LogOut" name="Scenario: Successful LogOut" time="0"/>
</testsuite>